2026-01-06 12:14:15 [info] : [Platform Server] Creating platform platform  output stream finished - platform. 
2026-01-06 12:23:00 [info] : [Platform Server] Generate platform output stream finished - platform. 
2026-01-06 12:23:06 [info] : [Build Server] Build output stream finished - hello_world::. 
2026-01-06 12:24:04 [info] : [Platform Server] Generate platform output stream finished - platform. 
2026-01-06 12:24:07 [info] : [Build Server] Build output stream finished - hello_world::. 
2026-01-06 12:24:31 [info] : [Platform Server] Generate platform output stream finished - platform. 
2026-01-06 12:24:33 [info] : [Build Server] Build output stream finished - hello_world::. 
2026-01-06 12:29:52 [info] : [Platform Server] Generate platform output stream finished - platform. 
2026-01-06 12:29:55 [info] : [Build Server] Build output stream finished - hello_world::. 
2026-01-16 15:27:16 [info] : [Platform Server] Generate platform output stream finished - platform. 
2026-01-16 15:27:22 [info] : [Build Server] Build output stream finished - hello_world::. 
2026-01-16 17:14:42 [info] : [Platform Server] Generate platform output stream finished - platform. 
2026-01-16 17:14:45 [info] : [Build Server] Build output stream finished - hello_world::. 
2026-01-16 17:15:33 [info] : [Platform Server] Generate platform output stream finished - platform. 
2026-01-16 17:15:36 [info] : [Build Server] Build output stream finished - hello_world::. 
2026-01-16 17:16:42 [info] : [Platform Server] Generate platform output stream finished - platform. 
2026-01-16 17:16:45 [info] : [Build Server] Build output stream finished - hello_world::. 
2026-01-16 17:18:34 [info] : [Platform Server] Generate platform output stream finished - platform. 
2026-01-16 17:18:37 [info] : [Build Server] Build output stream finished - hello_world::. 
2026-01-16 17:25:25 [info] : [Platform Server] Generate platform output stream finished - platform. 
2026-01-16 17:25:28 [info] : [Build Server] Build output stream finished - hello_world::. 
2026-01-16 17:26:51 [info] : [Platform Server] Generate platform output stream finished - platform. 
2026-01-16 17:26:54 [info] : [Build Server] Build output stream finished - hello_world::. 
2026-01-16 17:43:23 [info] : [Platform Server] Updating design_1_wrapper XSA for platform platform output stream finished - platform. 
2026-01-16 17:44:27 [info] : [Platform Server] Generate platform output stream finished - platform. 
2026-01-16 17:44:38 [info] : [Platform Server] Generate platform output stream finished - platform. 
2026-01-16 17:44:41 [info] : [Build Server] Build output stream finished - hello_world::. 
2026-01-16 17:46:29 [info] : [Platform Server] Generate platform output stream finished - platform. 
2026-01-16 17:46:32 [info] : [Build Server] Build output stream finished - hello_world::. 
2026-01-16 17:50:32 [info] : [Platform Server] Generate platform output stream finished - platform. 
2026-01-16 17:50:39 [info] : [Build Server] Build output stream finished - hello_world::. 
2026-01-16 17:55:21 [info] : [Platform Server] Generate platform output stream finished - platform. 
2026-01-16 17:55:28 [info] : [Build Server] Build output stream finished - hello_world::. 
2026-01-16 17:57:23 [info] : [Platform Server] Generate platform output stream finished - platform. 
2026-01-16 17:57:30 [info] : [Build Server] Build output stream finished - hello_world::. 
2026-01-16 18:06:28 [info] : [Platform Server] Generate platform output stream finished - platform. 
2026-01-16 18:06:35 [info] : [Build Server] Build output stream finished - hello_world::. 
2026-01-16 18:11:56 [info] : [Platform Server] Generate platform output stream finished - platform. 
2026-01-16 18:12:03 [info] : [Build Server] Build output stream finished - hello_world::. 
2026-01-16 18:19:18 [info] : [Platform Server] Generate platform output stream finished - platform. 
2026-01-16 18:19:24 [info] : [Build Server] Build output stream finished - hello_world::. 
2026-01-16 18:26:48 [info] : [Platform Server] Generate platform output stream finished - platform. 
2026-01-16 18:26:55 [info] : [Build Server] Build output stream finished - hello_world::. 
2026-01-16 18:31:18 [info] : [Platform Server] Generate platform output stream finished - platform. 
2026-01-16 18:31:24 [info] : [Build Server] Build output stream finished - hello_world::. 
2026-01-16 18:33:12 [info] : [Platform Server] Generate platform output stream finished - platform. 
2026-01-16 18:33:19 [info] : [Build Server] Build output stream finished - hello_world::. 
2026-01-16 18:51:40 [info] : [Platform Server] Updating design_1_wrapper XSA for platform platform output stream finished - platform. 
2026-01-16 18:52:02 [info] : [Platform Server] Generate platform output stream finished - platform. 
2026-01-16 18:52:20 [info] : [Platform Server] Generate platform output stream finished - platform. 
2026-01-16 18:52:26 [info] : [Build Server] Build output stream finished - hello_world::. 
2026-01-16 18:56:25 [info] : [Platform Server] Generate platform output stream finished - platform. 
2026-01-16 18:56:32 [info] : [Build Server] Build output stream finished - hello_world::. 
2026-01-16 18:59:59 [info] : [Platform Server] Generate platform output stream finished - platform. 
2026-01-16 19:00:05 [info] : [Build Server] Build output stream finished - peripheral_tests::. 
2026-01-16 19:59:36 [info] : [Platform Server] Generate platform output stream finished - platform. 
2026-01-16 19:59:43 [info] : [Build Server] Build output stream finished - hello_world::. 
2026-01-16 20:07:31 [info] : [Platform Server] Creating platform Morse_Platform  output stream finished - Morse_Platform. 
2026-01-16 20:11:06 [info] : [Platform Server] Generate platform output stream finished - Morse_Platform. 
2026-01-16 20:11:13 [info] : [Build Server] Build output stream finished - Morse_App::. 
2026-01-16 20:43:40 [info] : [Platform Server] Generate platform output stream finished - Morse_Platform. 
2026-01-16 20:43:46 [info] : [Build Server] Build output stream finished - Morse_App::. 
2026-01-16 20:47:18 [info] : [Platform Server] Generate platform output stream finished - Morse_Platform. 
2026-01-16 20:47:18 [error] : [Build Server] Build error occurred and the stream has ended - hello_world::. 
2026-01-16 20:47:18 [info] : [Build Server] Build output stream finished - hello_world::. 
2026-01-16 20:48:14 [info] : [Platform Server] Generate platform output stream finished - Morse_Platform. 
2026-01-16 20:48:20 [info] : [Build Server] Build output stream finished - hello_worl::. 
2026-01-16 20:56:41 [info] : [Platform Server] Generate platform output stream finished - Morse_Platform. 
2026-01-16 20:56:48 [info] : [Build Server] Build output stream finished - Morse_App::. 
2026-01-17 14:04:47 [info] : [Platform Server] Generate platform output stream finished - Morse_Platform. 
2026-01-17 14:04:54 [info] : [Build Server] Build output stream finished - Morse_App::. 
2026-01-17 17:09:18 [info] : [Platform Server] Generate platform output stream finished - Morse_Platform. 
2026-01-17 17:09:24 [info] : [Build Server] Build output stream finished - Morse_App::. 
2026-01-17 17:11:24 [info] : [Platform Server] Generate platform output stream finished - Morse_Platform. 
2026-01-17 17:11:30 [info] : [Build Server] Build output stream finished - Morse_App::. 
2026-01-17 17:12:10 [info] : [Platform Server] Generate platform output stream finished - Morse_Platform. 
2026-01-17 17:12:16 [info] : [Build Server] Build output stream finished - Morse_App::. 
2026-01-17 17:15:07 [info] : [Platform Server] Generate platform output stream finished - Morse_Platform. 
2026-01-17 17:15:13 [info] : [Build Server] Build output stream finished - Morse_App::. 
2026-01-17 17:21:01 [info] : [Platform Server] Generate platform output stream finished - Morse_Platform. 
2026-01-17 17:21:07 [info] : [Build Server] Build output stream finished - Morse_App::. 
2026-01-17 17:24:31 [info] : [Platform Server] Generate platform output stream finished - Morse_Platform. 
2026-01-17 17:24:37 [info] : [Build Server] Build output stream finished - Morse_App::. 
2026-01-17 17:25:27 [info] : [Platform Server] Generate platform output stream finished - Morse_Platform. 
2026-01-17 17:25:33 [info] : [Build Server] Build output stream finished - Morse_App::. 
2026-01-19 08:24:05 [info] : [Platform Server] Generate platform output stream finished - Morse_Platform. 
2026-01-19 08:24:17 [info] : [Build Server] Build output stream finished - Morse_App::. 
2026-01-19 08:38:16 [info] : [Platform Server] Generate platform output stream finished - Morse_Platform. 
2026-01-19 08:38:26 [info] : [Build Server] Build output stream finished - Morse_App::. 
2026-01-19 09:38:41 [info] : [Platform Server] Generate platform output stream finished - Morse_Platform. 
2026-01-19 09:38:52 [info] : [Build Server] Build output stream finished - Morse_App::. 
2026-01-19 10:54:49 [info] : [Platform Server] Generate platform output stream finished - Morse_Platform. 
2026-01-19 10:54:56 [info] : [Build Server] Build output stream finished - hello_worl::. 
2026-01-19 11:36:23 [info] : [Platform Server] Generate platform output stream finished - Morse_Platform. 
2026-01-19 11:36:29 [info] : [Build Server] Build output stream finished - hello_worl::. 
2026-01-19 11:54:27 [info] : [Platform Server] Generate platform output stream finished - Morse_Platform. 
2026-01-19 11:54:33 [info] : [Build Server] Build output stream finished - hello_worl::. 
2026-01-19 11:55:04 [info] : [Platform Server] Generate platform output stream finished - Morse_Platform. 
2026-01-19 11:55:09 [info] : [Build Server] Build output stream finished - Morse_App::. 
2026-01-19 11:55:52 [info] : [Platform Server] Generate platform output stream finished - Morse_Platform. 
2026-01-19 11:55:58 [info] : [Build Server] Build output stream finished - Morse_App::. 
2026-01-19 12:52:29 [info] : [Platform Server] Generate platform output stream finished - Morse_Platform. 
2026-01-19 12:52:35 [info] : [Build Server] Build output stream finished - Morse_App::. 
2026-01-19 13:02:14 [info] : [Platform Server] Generate platform output stream finished - Morse_Platform. 
2026-01-19 13:02:20 [info] : [Build Server] Build output stream finished - Morse_App::. 
2026-01-19 17:38:25 [info] : [Platform Server] Generate platform output stream finished - Morse_Platform. 
2026-01-19 17:38:31 [info] : [Build Server] Build output stream finished - Morse_App::. 
2026-01-19 17:39:38 [info] : [Platform Server] Generate platform output stream finished - Morse_Platform. 
2026-01-19 17:39:44 [info] : [Build Server] Build output stream finished - Morse_App::. 
2026-01-19 17:41:59 [info] : [Platform Server] Generate platform output stream finished - Morse_Platform. 
2026-01-19 17:42:05 [info] : [Build Server] Build output stream finished - Morse_App::. 
2026-01-19 17:48:30 [info] : [Platform Server] Generate platform output stream finished - Morse_Platform. 
2026-01-19 17:48:37 [info] : [Build Server] Build output stream finished - Morse_App::. 
2026-01-19 17:58:14 [info] : [Platform Server] Generate platform output stream finished - Morse_Platform. 
2026-01-19 17:58:20 [info] : [Build Server] Build output stream finished - Morse_App::. 
2026-01-19 18:05:37 [info] : [Platform Server] Generate platform output stream finished - Morse_Platform. 
2026-01-19 18:05:43 [info] : [Build Server] Build output stream finished - Morse_App::. 
2026-01-20 07:30:55 [info] : [Platform Server] Generate platform output stream finished - Morse_Platform. 
2026-01-20 07:31:08 [info] : [Build Server] Build output stream finished - Morse_App::. 
2026-01-20 07:38:17 [info] : [Platform Server] Generate platform output stream finished - Morse_Platform. 
2026-01-20 07:38:31 [info] : [Build Server] Build output stream finished - Morse_App::. 
2026-01-20 08:02:46 [info] : [Platform Server] Generate platform output stream finished - Morse_Platform. 
2026-01-20 08:02:53 [info] : [Build Server] Build output stream finished - Morse_App::. 
2026-01-20 08:19:54 [info] : [Platform Server] Generate platform output stream finished - Morse_Platform. 
2026-01-20 08:20:00 [info] : [Build Server] Build output stream finished - Morse_App::. 
2026-01-20 08:48:47 [info] : [Platform Server] Generate platform output stream finished - Morse_Platform. 
2026-01-20 08:48:54 [info] : [Build Server] Build output stream finished - Morse_App::. 
